# JRE version: OpenJDK Runtime Environment (21.0.2+13) (build 21.0.2+13)
# Java VM: OpenJDK 64-Bit Server VM (21.0.2+13, mixed mode, sharing, tiered, compressed oops, compressed class ptrs, g1 gc, linux-amd64)
GC Precious Log:
 CardTable entry size: 512
 Card Set container configuration: InlinePtr #cards 5 size 8 Array Of Cards #cards 12 size 40 Howl #buckets 4 coarsen threshold 1843 Howl Bitmap #cards 512 size 80 coarsen threshold 460 Card regions per heap region 1 cards per card region 2048
 CPUs: 4 total, 4 available
 Memory: 7351M
 Large Page Support: Disabled
 NUMA Support: Disabled
 Compressed Oops: Enabled (32-bit)
 Heap Region Size: 1M
 Heap Min Capacity: 64M
 Heap Initial Capacity: 64M
 Heap Max Capacity: 64M
 Pre-touch: Disabled
 Parallel Workers: 4
 Concurrent Workers: 1
 Concurrent Refinement Workers: 4
 Periodic GC: Disabled
Heap:
 garbage-first heap   total 65536K, used 20267K [0x00000000fc000000, 0x0000000100000000)
  region size 1024K, 10 young (10240K), 1 survivors (1024K)
 Metaspace       used 9458K, committed 9792K, reserved 1114112K
  class space    used 1207K, committed 1344K, reserved 1048576K
GC Heap History (20 events):
Event: 11467.559 GC heap before
{Heap before GC invocations=5 (full 0):
 garbage-first heap   total 65536K, used 49976K [0x00000000fc000000, 0x0000000100000000)
  region size 1024K, 38 young (38912K), 1 survivors (1024K)
 Metaspace       used 9456K, committed 9792K, reserved 1114112K
  class space    used 1207K, committed 1344K, reserved 1048576K
}
Event: 11467.566 GC heap after
{Heap after GC invocations=6 (full 0):
 garbage-first heap   total 65536K, used 12076K [0x00000000fc000000, 0x0000000100000000)
  region size 1024K, 1 young (1024K), 1 survivors (1024K)
 Metaspace       used 9456K, committed 9792K, reserved 1114112K
  class space    used 1207K, committed 1344K, reserved 1048576K
}
Event: 15586.260 GC heap before
{Heap before GC invocations=6 (full 0):
 garbage-first heap   total 65536K, used 49964K [0x00000000fc000000, 0x0000000100000000)
  region size 1024K, 38 young (38912K), 1 survivors (1024K)
 Metaspace       used 9458K, committed 9792K, reserved 1114112K
  class space    used 1207K, committed 1344K, reserved 1048576K
}
Event: 15586.267 GC heap after
{Heap after GC invocations=7 (full 0):
 garbage-first heap   total 65536K, used 12075K [0x00000000fc000000, 0x0000000100000000)
  region size 1024K, 1 young (1024K), 1 survivors (1024K)
 Metaspace       used 9458K, committed 9792K, reserved 1114112K
  class space    used 1207K, committed 1344K, reserved 1048576K
}
Event: 19983.997 GC heap before
{Heap before GC invocations=7 (full 0):
 garbage-first heap   total 65536K, used 49963K [0x00000000fc000000, 0x0000000100000000)
  region size 1024K, 38 young (38912K), 1 survivors (1024K)
 Metaspace       used 9458K, committed 9792K, reserved 1114112K
  class space    used 1207K, committed 1344K, reserved 1048576K
}
Event: 19984.000 GC heap after
{Heap after GC invocations=8 (full 0):
 garbage-first heap   total 65536K, used 12075K [0x00000000fc000000, 0x0000000100000000)
  region size 1024K, 1 young (1024K), 1 survivors (1024K)
 Metaspace       used 9458K, committed 9792K, reserved 1114112K
  class space    used 1207K, committed 1344K, reserved 1048576K
}
Event: 24751.759 GC heap before
{Heap before GC invocations=8 (full 0):
 garbage-first heap   total 65536K, used 49963K [0x00000000fc000000, 0x0000000100000000)
  region size 1024K, 38 young (38912K), 1 survivors (1024K)
 Metaspace       used 9458K, committed 9792K, reserved 1114112K
  class space    used 1207K, committed 1344K, reserved 1048576K
}
Event: 24751.761 GC heap after
{Heap after GC invocations=9 (full 0):
 garbage-first heap   total 65536K, used 12077K [0x00000000fc000000, 0x0000000100000000)
  region size 1024K, 1 young (1024K), 1 survivors (1024K)
 Metaspace       used 9458K, committed 9792K, reserved 1114112K
  class space    used 1207K, committed 1344K, reserved 1048576K
}
Event: 29464.562 GC heap before
{Heap before GC invocations=9 (full 0):
 garbage-first heap   total 65536K, used 49965K [0x00000000fc000000, 0x0000000100000000)
  region size 1024K, 38 young (38912K), 1 survivors (1024K)
 Metaspace       used 9458K, committed 9792K, reserved 1114112K
  class space    used 1207K, committed 1344K, reserved 1048576K
}
Event: 29464.612 GC heap after
{Heap after GC invocations=10 (full 0):
 garbage-first heap   total 65536K, used 12076K [0x00000000fc000000, 0x0000000100000000)
  region size 1024K, 1 young (1024K), 1 survivors (1024K)
 Metaspace       used 9458K, committed 9792K, reserved 1114112K
  class space    used 1207K, committed 1344K, reserved 1048576K
}
Event: 33225.716 GC heap before
{Heap before GC invocations=10 (full 0):
 garbage-first heap   total 65536K, used 49964K [0x00000000fc000000, 0x0000000100000000)
  region size 1024K, 38 young (38912K), 1 survivors (1024K)
 Metaspace       used 9458K, committed 9792K, reserved 1114112K
  class space    used 1207K, committed 1344K, reserved 1048576K
}
Event: 33225.810 GC heap after
{Heap after GC invocations=11 (full 0):
 garbage-first heap   total 65536K, used 12080K [0x00000000fc000000, 0x0000000100000000)
  region size 1024K, 1 young (1024K), 1 survivors (1024K)
 Metaspace       used 9458K, committed 9792K, reserved 1114112K
  class space    used 1207K, committed 1344K, reserved 1048576K
}
Event: 35550.229 GC heap before
{Heap before GC invocations=11 (full 0):
 garbage-first heap   total 65536K, used 49968K [0x00000000fc000000, 0x0000000100000000)
  region size 1024K, 38 young (38912K), 1 survivors (1024K)
 Metaspace       used 9458K, committed 9792K, reserved 1114112K
  class space    used 1207K, committed 1344K, reserved 1048576K
}
Event: 35550.252 GC heap after
{Heap after GC invocations=12 (full 0):
 garbage-first heap   total 65536K, used 12086K [0x00000000fc000000, 0x0000000100000000)
  region size 1024K, 1 young (1024K), 1 survivors (1024K)
 Metaspace       used 9458K, committed 9792K, reserved 1114112K
  class space    used 1207K, committed 1344K, reserved 1048576K
}
Event: 38378.977 GC heap before
{Heap before GC invocations=12 (full 0):
 garbage-first heap   total 65536K, used 49974K [0x00000000fc000000, 0x0000000100000000)
  region size 1024K, 38 young (38912K), 1 survivors (1024K)
 Metaspace       used 9458K, committed 9792K, reserved 1114112K
  class space    used 1207K, committed 1344K, reserved 1048576K
}
Event: 38379.009 GC heap after
{Heap after GC invocations=13 (full 0):
 garbage-first heap   total 65536K, used 12079K [0x00000000fc000000, 0x0000000100000000)
  region size 1024K, 1 young (1024K), 1 survivors (1024K)
 Metaspace       used 9458K, committed 9792K, reserved 1114112K
  class space    used 1207K, committed 1344K, reserved 1048576K
}
Event: 41160.159 GC heap before
{Heap before GC invocations=13 (full 0):
 garbage-first heap   total 65536K, used 49967K [0x00000000fc000000, 0x0000000100000000)
  region size 1024K, 38 young (38912K), 1 survivors (1024K)
 Metaspace       used 9458K, committed 9792K, reserved 1114112K
  class space    used 1207K, committed 1344K, reserved 1048576K
}
Event: 41160.173 GC heap after
{Heap after GC invocations=14 (full 0):
 garbage-first heap   total 65536K, used 12073K [0x00000000fc000000, 0x0000000100000000)
  region size 1024K, 1 young (1024K), 1 survivors (1024K)
 Metaspace       used 9458K, committed 9792K, reserved 1114112K
  class space    used 1207K, committed 1344K, reserved 1048576K
}
Event: 44811.160 GC heap before
{Heap before GC invocations=14 (full 0):
 garbage-first heap   total 65536K, used 49961K [0x00000000fc000000, 0x0000000100000000)
  region size 1024K, 38 young (38912K), 1 survivors (1024K)
 Metaspace       used 9458K, committed 9792K, reserved 1114112K
  class space    used 1207K, committed 1344K, reserved 1048576K
}
Event: 44811.241 GC heap after
{Heap after GC invocations=15 (full 0):
 garbage-first heap   total 65536K, used 12075K [0x00000000fc000000, 0x0000000100000000)
  region size 1024K, 1 young (1024K), 1 survivors (1024K)
 Metaspace       used 9458K, committed 9792K, reserved 1114112K
  class space    used 1207K, committed 1344K, reserved 1048576K
}

