# JRE version: OpenJDK Runtime Environment (21.0.2+13) (build 21.0.2+13)
# Java VM: OpenJDK 64-Bit Server VM (21.0.2+13, mixed mode, sharing, tiered, compressed oops, compressed class ptrs, g1 gc, linux-amd64)
GC Precious Log:
 CardTable entry size: 512
 Card Set container configuration: InlinePtr #cards 5 size 8 Array Of Cards #cards 12 size 40 Howl #buckets 4 coarsen threshold 1843 Howl Bitmap #cards 512 size 80 coarsen threshold 460 Card regions per heap region 1 cards per card region 2048
 CPUs: 4 total, 4 available
 Memory: 7351M
 Large Page Support: Disabled
 NUMA Support: Disabled
 Compressed Oops: Enabled (32-bit)
 Heap Region Size: 1M
 Heap Min Capacity: 256M
 Heap Initial Capacity: 256M
 Heap Max Capacity: 512M
 Pre-touch: Disabled
 Parallel Workers: 4
 Concurrent Workers: 1
 Concurrent Refinement Workers: 4
 Periodic GC: Disabled
Heap:
 garbage-first heap   total 262144K, used 176853K [0x00000000e0000000, 0x0000000100000000)
  region size 1024K, 129 young (132096K), 7 survivors (7168K)
 Metaspace       used 58503K, committed 62784K, reserved 393216K
  class space    used 7873K, committed 9408K, reserved 327680K
GC Heap History (20 events):
Event: 13.651 GC heap before
{Heap before GC invocations=10 (full 0):
 garbage-first heap   total 262144K, used 178812K [0x00000000e0000000, 0x0000000100000000)
  region size 1024K, 153 young (156672K), 19 survivors (19456K)
 Metaspace       used 57136K, committed 59136K, reserved 393216K
  class space    used 8118K, committed 9088K, reserved 327680K
}
Event: 13.681 GC heap after
{Heap after GC invocations=11 (full 0):
 garbage-first heap   total 262144K, used 48103K [0x00000000e0000000, 0x0000000100000000)
  region size 1024K, 17 young (17408K), 17 survivors (17408K)
 Metaspace       used 57136K, committed 59136K, reserved 393216K
  class space    used 8118K, committed 9088K, reserved 327680K
}
Event: 35.304 GC heap before
{Heap before GC invocations=11 (full 0):
 garbage-first heap   total 262144K, used 189415K [0x00000000e0000000, 0x0000000100000000)
  region size 1024K, 153 young (156672K), 17 survivors (17408K)
 Metaspace       used 59662K, committed 61632K, reserved 393216K
  class space    used 8389K, committed 9344K, reserved 327680K
}
Event: 35.338 GC heap after
{Heap after GC invocations=12 (full 0):
 garbage-first heap   total 262144K, used 59181K [0x00000000e0000000, 0x0000000100000000)
  region size 1024K, 17 young (17408K), 17 survivors (17408K)
 Metaspace       used 59662K, committed 61632K, reserved 393216K
  class space    used 8389K, committed 9344K, reserved 327680K
}
Event: 227.505 GC heap before
{Heap before GC invocations=12 (full 0):
 garbage-first heap   total 262144K, used 115501K [0x00000000e0000000, 0x0000000100000000)
  region size 1024K, 71 young (72704K), 17 survivors (17408K)
 Metaspace       used 60113K, committed 62080K, reserved 393216K
  class space    used 8396K, committed 9344K, reserved 327680K
}
Event: 227.533 GC heap after
{Heap after GC invocations=13 (full 0):
 garbage-first heap   total 262144K, used 54095K [0x00000000e0000000, 0x0000000100000000)
  region size 1024K, 4 young (4096K), 4 survivors (4096K)
 Metaspace       used 60113K, committed 62080K, reserved 393216K
  class space    used 8396K, committed 9344K, reserved 327680K
}
Event: 1707.383 GC heap before
{Heap before GC invocations=14 (full 0):
 garbage-first heap   total 262144K, used 208719K [0x00000000e0000000, 0x0000000100000000)
  region size 1024K, 153 young (156672K), 4 survivors (4096K)
 Metaspace       used 60653K, committed 62656K, reserved 393216K
  class space    used 8401K, committed 9408K, reserved 327680K
}
Event: 1707.404 GC heap after
{Heap after GC invocations=15 (full 0):
 garbage-first heap   total 262144K, used 56462K [0x00000000e0000000, 0x0000000100000000)
  region size 1024K, 7 young (7168K), 7 survivors (7168K)
 Metaspace       used 60653K, committed 62656K, reserved 393216K
  class space    used 8401K, committed 9408K, reserved 327680K
}
Event: 7581.617 GC heap before
{Heap before GC invocations=15 (full 0):
 garbage-first heap   total 262144K, used 205966K [0x00000000e0000000, 0x0000000100000000)
  region size 1024K, 153 young (156672K), 7 survivors (7168K)
 Metaspace       used 60760K, committed 62720K, reserved 393216K
  class space    used 8403K, committed 9408K, reserved 327680K
}
Event: 7581.683 GC heap after
{Heap after GC invocations=16 (full 0):
 garbage-first heap   total 262144K, used 56057K [0x00000000e0000000, 0x0000000100000000)
  region size 1024K, 7 young (7168K), 7 survivors (7168K)
 Metaspace       used 60760K, committed 62720K, reserved 393216K
  class space    used 8403K, committed 9408K, reserved 327680K
}
Event: 13916.517 GC heap before
{Heap before GC invocations=16 (full 0):
 garbage-first heap   total 262144K, used 204537K [0x00000000e0000000, 0x0000000100000000)
  region size 1024K, 153 young (156672K), 7 survivors (7168K)
 Metaspace       used 60780K, committed 62784K, reserved 393216K
  class space    used 8404K, committed 9408K, reserved 327680K
}
Event: 13916.558 GC heap after
{Heap after GC invocations=17 (full 0):
 garbage-first heap   total 262144K, used 55757K [0x00000000e0000000, 0x0000000100000000)
  region size 1024K, 6 young (6144K), 6 survivors (6144K)
 Metaspace       used 60780K, committed 62784K, reserved 393216K
  class space    used 8404K, committed 9408K, reserved 327680K
}
Event: 20658.384 GC heap before
{Heap before GC invocations=17 (full 0):
 garbage-first heap   total 262144K, used 206285K [0x00000000e0000000, 0x0000000100000000)
  region size 1024K, 153 young (156672K), 6 survivors (6144K)
 Metaspace       used 60782K, committed 62784K, reserved 393216K
  class space    used 8404K, committed 9408K, reserved 327680K
}
Event: 20658.501 GC heap after
{Heap after GC invocations=18 (full 0):
 garbage-first heap   total 262144K, used 55757K [0x00000000e0000000, 0x0000000100000000)
  region size 1024K, 6 young (6144K), 6 survivors (6144K)
 Metaspace       used 60782K, committed 62784K, reserved 393216K
  class space    used 8404K, committed 9408K, reserved 327680K
}
Event: 27367.384 GC heap before
{Heap before GC invocations=19 (full 0):
 garbage-first heap   total 262144K, used 206285K [0x00000000e0000000, 0x0000000100000000)
  region size 1024K, 153 young (156672K), 6 survivors (6144K)
 Metaspace       used 58485K, committed 62784K, reserved 393216K
  class space    used 7869K, committed 9408K, reserved 327680K
}
Event: 27367.529 GC heap after
{Heap after GC invocations=20 (full 0):
 garbage-first heap   total 262144K, used 56344K [0x00000000e0000000, 0x0000000100000000)
  region size 1024K, 7 young (7168K), 7 survivors (7168K)
 Metaspace       used 58485K, committed 62784K, reserved 393216K
  class space    used 7869K, committed 9408K, reserved 327680K
}
Event: 33933.384 GC heap before
{Heap before GC invocations=20 (full 0):
 garbage-first heap   total 262144K, used 205848K [0x00000000e0000000, 0x0000000100000000)
  region size 1024K, 153 young (156672K), 7 survivors (7168K)
 Metaspace       used 58486K, committed 62784K, reserved 393216K
  class space    used 7870K, committed 9408K, reserved 327680K
}
Event: 33933.545 GC heap after
{Heap after GC invocations=21 (full 0):
 garbage-first heap   total 262144K, used 52437K [0x00000000e0000000, 0x0000000100000000)
  region size 1024K, 7 young (7168K), 7 survivors (7168K)
 Metaspace       used 58486K, committed 62784K, reserved 393216K
  class space    used 7870K, committed 9408K, reserved 327680K
}
Event: 40295.156 GC heap before
{Heap before GC invocations=21 (full 0):
 garbage-first heap   total 262144K, used 201941K [0x00000000e0000000, 0x0000000100000000)
  region size 1024K, 153 young (156672K), 7 survivors (7168K)
 Metaspace       used 58486K, committed 62784K, reserved 393216K
  class space    used 7870K, committed 9408K, reserved 327680K
}
Event: 40295.275 GC heap after
{Heap after GC invocations=22 (full 0):
 garbage-first heap   total 262144K, used 52949K [0x00000000e0000000, 0x0000000100000000)
  region size 1024K, 7 young (7168K), 7 survivors (7168K)
 Metaspace       used 58486K, committed 62784K, reserved 393216K
  class space    used 7870K, committed 9408K, reserved 327680K
}

