# JRE version: OpenJDK Runtime Environment Temurin-17.0.10+7 (17.0.10+7) (build 17.0.10+7)
# Java VM: OpenJDK 64-Bit Server VM Temurin-17.0.10+7 (17.0.10+7, mixed mode, tiered, compressed oops, compressed class ptrs, parallel gc, linux-amd64)
GC Precious Log:
 CPUs: 4 total, 4 available
 Memory: 7351M
 Large Page Support: Disabled
 NUMA Support: Disabled
 Compressed Oops: Enabled (32-bit)
 Alignments: Space 512K, Generation 512K, Heap 2M
 Heap Min Capacity: 100M
 Heap Initial Capacity: 100M
 Heap Max Capacity: 1G
 Pre-touch: Disabled
 Parallel Workers: 4
Heap:
 PSYoungGen      total 7168K, used 1747K [0x00000000eab00000, 0x00000000eb680000, 0x0000000100000000)
  eden space 6144K, 18% used [0x00000000eab00000,0x00000000eac1e5d8,0x00000000eb100000)
  from space 1024K, 58% used [0x00000000eb580000,0x00000000eb616920,0x00000000eb680000)
  to   space 1024K, 0% used [0x00000000eb100000,0x00000000eb100000,0x00000000eb200000)
 ParOldGen       total 201216K, used 187435K [0x00000000c0000000, 0x00000000cc480000, 0x00000000eab00000)
  object space 201216K, 93% used [0x00000000c0000000,0x00000000cb70af70,0x00000000cc480000)
 Metaspace       used 113033K, committed 114368K, reserved 1179648K
  class space    used 11456K, committed 12160K, reserved 1048576K
GC Heap History (20 events):
Event: 57346.058 GC heap before
{Heap before GC invocations=22906 (full 641):
 PSYoungGen      total 6656K, used 6246K [0x00000000eab00000, 0x00000000eb580000, 0x0000000100000000)
  eden space 4608K, 100% used [0x00000000eab00000,0x00000000eaf80000,0x00000000eaf80000)
  from space 2048K, 79% used [0x00000000eb380000,0x00000000eb519930,0x00000000eb580000)
  to   space 2560K, 0% used [0x00000000eb080000,0x00000000eb080000,0x00000000eb300000)
 ParOldGen       total 201216K, used 166961K [0x00000000c0000000, 0x00000000cc480000, 0x00000000eab00000)
  object space 201216K, 82% used [0x00000000c0000000,0x00000000ca30c780,0x00000000cc480000)
 Metaspace       used 113019K, committed 114368K, reserved 1179648K
  class space    used 11454K, committed 12160K, reserved 1048576K
}
Event: 57346.066 GC heap after
{Heap after GC invocations=22906 (full 641):
 PSYoungGen      total 8192K, used 2534K [0x00000000eab00000, 0x00000000ebe80000, 0x0000000100000000)
  eden space 5632K, 0% used [0x00000000eab00000,0x00000000eab00000,0x00000000eb080000)
  from space 2560K, 98% used [0x00000000eb080000,0x00000000eb2f9930,0x00000000eb300000)
  to   space 7168K, 0% used [0x00000000eb780000,0x00000000eb780000,0x00000000ebe80000)
 ParOldGen       total 201216K, used 170508K [0x00000000c0000000, 0x00000000cc480000, 0x00000000eab00000)
  object space 201216K, 84% used [0x00000000c0000000,0x00000000ca6830c0,0x00000000cc480000)
 Metaspace       used 113019K, committed 114368K, reserved 1179648K
  class space    used 11454K, committed 12160K, reserved 1048576K
}
Event: 57346.505 GC heap before
{Heap before GC invocations=22907 (full 641):
 PSYoungGen      total 8192K, used 8149K [0x00000000eab00000, 0x00000000ebe80000, 0x0000000100000000)
  eden space 5632K, 99% used [0x00000000eab00000,0x00000000eb07bdf0,0x00000000eb080000)
  from space 2560K, 98% used [0x00000000eb080000,0x00000000eb2f9930,0x00000000eb300000)
  to   space 7168K, 0% used [0x00000000eb780000,0x00000000eb780000,0x00000000ebe80000)
 ParOldGen       total 201216K, used 170508K [0x00000000c0000000, 0x00000000cc480000, 0x00000000eab00000)
  object space 201216K, 84% used [0x00000000c0000000,0x00000000ca6830c0,0x00000000cc480000)
 Metaspace       used 113019K, committed 114368K, reserved 1179648K
  class space    used 11454K, committed 12160K, reserved 1048576K
}
Event: 57346.517 GC heap after
{Heap after GC invocations=22907 (full 641):
 PSYoungGen      total 12800K, used 4704K [0x00000000eab00000, 0x00000000ebd00000, 0x0000000100000000)
  eden space 7168K, 0% used [0x00000000eab00000,0x00000000eab00000,0x00000000eb200000)
  from space 5632K, 83% used [0x00000000eb780000,0x00000000ebc18000,0x00000000ebd00000)
  to   space 5632K, 0% used [0x00000000eb200000,0x00000000eb200000,0x00000000eb780000)
 ParOldGen       total 201216K, used 173074K [0x00000000c0000000, 0x00000000cc480000, 0x00000000eab00000)
  object space 201216K, 86% used [0x00000000c0000000,0x00000000ca9049f0,0x00000000cc480000)
 Metaspace       used 113019K, committed 114368K, reserved 1179648K
  class space    used 11454K, committed 12160K, reserved 1048576K
}
Event: 57346.545 GC heap before
{Heap before GC invocations=22908 (full 641):
 PSYoungGen      total 12800K, used 11872K [0x00000000eab00000, 0x00000000ebd00000, 0x0000000100000000)
  eden space 7168K, 100% used [0x00000000eab00000,0x00000000eb200000,0x00000000eb200000)
  from space 5632K, 83% used [0x00000000eb780000,0x00000000ebc18000,0x00000000ebd00000)
  to   space 5632K, 0% used [0x00000000eb200000,0x00000000eb200000,0x00000000eb780000)
 ParOldGen       total 201216K, used 173074K [0x00000000c0000000, 0x00000000cc480000, 0x00000000eab00000)
  object space 201216K, 86% used [0x00000000c0000000,0x00000000ca9049f0,0x00000000cc480000)
 Metaspace       used 113019K, committed 114368K, reserved 1179648K
  class space    used 11454K, committed 12160K, reserved 1048576K
}
Event: 57346.555 GC heap after
{Heap after GC invocations=22908 (full 641):
 PSYoungGen      total 7680K, used 474K [0x00000000eab00000, 0x00000000eb880000, 0x0000000100000000)
  eden space 7168K, 0% used [0x00000000eab00000,0x00000000eab00000,0x00000000eb200000)
  from space 512K, 92% used [0x00000000eb200000,0x00000000eb276900,0x00000000eb280000)
  to   space 2560K, 0% used [0x00000000eb600000,0x00000000eb600000,0x00000000eb880000)
 ParOldGen       total 201216K, used 177735K [0x00000000c0000000, 0x00000000cc480000, 0x00000000eab00000)
  object space 201216K, 88% used [0x00000000c0000000,0x00000000cad91ca8,0x00000000cc480000)
 Metaspace       used 113019K, committed 114368K, reserved 1179648K
  class space    used 11454K, committed 12160K, reserved 1048576K
}
Event: 57418.886 GC heap before
{Heap before GC invocations=22909 (full 641):
 PSYoungGen      total 7680K, used 7642K [0x00000000eab00000, 0x00000000eb880000, 0x0000000100000000)
  eden space 7168K, 100% used [0x00000000eab00000,0x00000000eb200000,0x00000000eb200000)
  from space 512K, 92% used [0x00000000eb200000,0x00000000eb276900,0x00000000eb280000)
  to   space 2560K, 0% used [0x00000000eb600000,0x00000000eb600000,0x00000000eb880000)
 ParOldGen       total 201216K, used 177735K [0x00000000c0000000, 0x00000000cc480000, 0x00000000eab00000)
  object space 201216K, 88% used [0x00000000c0000000,0x00000000cad91ca8,0x00000000cc480000)
 Metaspace       used 113029K, committed 114368K, reserved 1179648K
  class space    used 11455K, committed 12160K, reserved 1048576K
}
Event: 57418.889 GC heap after
{Heap after GC invocations=22909 (full 641):
 PSYoungGen      total 10240K, used 1350K [0x00000000eab00000, 0x00000000eb780000, 0x0000000100000000)
  eden space 8704K, 0% used [0x00000000eab00000,0x00000000eab00000,0x00000000eb380000)
  from space 1536K, 87% used [0x00000000eb600000,0x00000000eb751b80,0x00000000eb780000)
  to   space 2048K, 0% used [0x00000000eb380000,0x00000000eb380000,0x00000000eb580000)
 ParOldGen       total 201216K, used 177751K [0x00000000c0000000, 0x00000000cc480000, 0x00000000eab00000)
  object space 201216K, 88% used [0x00000000c0000000,0x00000000cad95ca8,0x00000000cc480000)
 Metaspace       used 113029K, committed 114368K, reserved 1179648K
  class space    used 11455K, committed 12160K, reserved 1048576K
}
Event: 57418.919 GC heap before
{Heap before GC invocations=22910 (full 641):
 PSYoungGen      total 10240K, used 10054K [0x00000000eab00000, 0x00000000eb780000, 0x0000000100000000)
  eden space 8704K, 99% used [0x00000000eab00000,0x00000000eb37ffe8,0x00000000eb380000)
  from space 1536K, 87% used [0x00000000eb600000,0x00000000eb751b80,0x00000000eb780000)
  to   space 2048K, 0% used [0x00000000eb380000,0x00000000eb380000,0x00000000eb580000)
 ParOldGen       total 201216K, used 177751K [0x00000000c0000000, 0x00000000cc480000, 0x00000000eab00000)
  object space 201216K, 88% used [0x00000000c0000000,0x00000000cad95ca8,0x00000000cc480000)
 Metaspace       used 113029K, committed 114368K, reserved 1179648K
  class space    used 11455K, committed 12160K, reserved 1048576K
}
Event: 57418.922 GC heap after
{Heap after GC invocations=22910 (full 641):
 PSYoungGen      total 10752K, used 500K [0x00000000eab00000, 0x00000000eb680000, 0x0000000100000000)
  eden space 8704K, 0% used [0x00000000eab00000,0x00000000eab00000,0x00000000eb380000)
  from space 2048K, 24% used [0x00000000eb380000,0x00000000eb3fd200,0x00000000eb580000)
  to   space 1024K, 0% used [0x00000000eb580000,0x00000000eb580000,0x00000000eb680000)
 ParOldGen       total 201216K, used 177879K [0x00000000c0000000, 0x00000000cc480000, 0x00000000eab00000)
  object space 201216K, 88% used [0x00000000c0000000,0x00000000cadb5cc8,0x00000000cc480000)
 Metaspace       used 113029K, committed 114368K, reserved 1179648K
  class space    used 11455K, committed 12160K, reserved 1048576K
}
Event: 57418.946 GC heap before
{Heap before GC invocations=22911 (full 641):
 PSYoungGen      total 10752K, used 9204K [0x00000000eab00000, 0x00000000eb680000, 0x0000000100000000)
  eden space 8704K, 100% used [0x00000000eab00000,0x00000000eb380000,0x00000000eb380000)
  from space 2048K, 24% used [0x00000000eb380000,0x00000000eb3fd200,0x00000000eb580000)
  to   space 1024K, 0% used [0x00000000eb580000,0x00000000eb580000,0x00000000eb680000)
 ParOldGen       total 201216K, used 177879K [0x00000000c0000000, 0x00000000cc480000, 0x00000000eab00000)
  object space 201216K, 88% used [0x00000000c0000000,0x00000000cadb5cc8,0x00000000cc480000)
 Metaspace       used 113029K, committed 114368K, reserved 1179648K
  class space    used 11455K, committed 12160K, reserved 1048576K
}
Event: 57418.949 GC heap after
{Heap after GC invocations=22911 (full 641):
 PSYoungGen      total 9728K, used 916K [0x00000000eab00000, 0x00000000eb680000, 0x0000000100000000)
  eden space 8704K, 0% used [0x00000000eab00000,0x00000000eab00000,0x00000000eb380000)
  from space 1024K, 89% used [0x00000000eb580000,0x00000000eb665200,0x00000000eb680000)
  to   space 1024K, 0% used [0x00000000eb480000,0x00000000eb480000,0x00000000eb580000)
 ParOldGen       total 201216K, used 177955K [0x00000000c0000000, 0x00000000cc480000, 0x00000000eab00000)
  object space 201216K, 88% used [0x00000000c0000000,0x00000000cadc8ec8,0x00000000cc480000)
 Metaspace       used 113029K, committed 114368K, reserved 1179648K
  class space    used 11455K, committed 12160K, reserved 1048576K
}
Event: 57481.154 GC heap before
{Heap before GC invocations=22912 (full 641):
 PSYoungGen      total 9728K, used 9620K [0x00000000eab00000, 0x00000000eb680000, 0x0000000100000000)
  eden space 8704K, 100% used [0x00000000eab00000,0x00000000eb380000,0x00000000eb380000)
  from space 1024K, 89% used [0x00000000eb580000,0x00000000eb665200,0x00000000eb680000)
  to   space 1024K, 0% used [0x00000000eb480000,0x00000000eb480000,0x00000000eb580000)
 ParOldGen       total 201216K, used 177955K [0x00000000c0000000, 0x00000000cc480000, 0x00000000eab00000)
  object space 201216K, 88% used [0x00000000c0000000,0x00000000cadc8ec8,0x00000000cc480000)
 Metaspace       used 113030K, committed 114368K, reserved 1179648K
  class space    used 11455K, committed 12160K, reserved 1048576K
}
Event: 57481.161 GC heap after
{Heap after GC invocations=22912 (full 641):
 PSYoungGen      total 9728K, used 998K [0x00000000eab00000, 0x00000000ebc80000, 0x0000000100000000)
  eden space 8704K, 0% used [0x00000000eab00000,0x00000000eab00000,0x00000000eb380000)
  from space 1024K, 97% used [0x00000000eb480000,0x00000000eb579b80,0x00000000eb580000)
  to   space 4608K, 0% used [0x00000000eb800000,0x00000000eb800000,0x00000000ebc80000)
 ParOldGen       total 201216K, used 180998K [0x00000000c0000000, 0x00000000cc480000, 0x00000000eab00000)
  object space 201216K, 89% used [0x00000000c0000000,0x00000000cb0c18b0,0x00000000cc480000)
 Metaspace       used 113030K, committed 114368K, reserved 1179648K
  class space    used 11455K, committed 12160K, reserved 1048576K
}
Event: 57481.193 GC heap before
{Heap before GC invocations=22913 (full 641):
 PSYoungGen      total 9728K, used 9702K [0x00000000eab00000, 0x00000000ebc80000, 0x0000000100000000)
  eden space 8704K, 100% used [0x00000000eab00000,0x00000000eb380000,0x00000000eb380000)
  from space 1024K, 97% used [0x00000000eb480000,0x00000000eb579b80,0x00000000eb580000)
  to   space 4608K, 0% used [0x00000000eb800000,0x00000000eb800000,0x00000000ebc80000)
 ParOldGen       total 201216K, used 180998K [0x00000000c0000000, 0x00000000cc480000, 0x00000000eab00000)
  object space 201216K, 89% used [0x00000000c0000000,0x00000000cb0c18b0,0x00000000cc480000)
 Metaspace       used 113030K, committed 114368K, reserved 1179648K
  class space    used 11455K, committed 12160K, reserved 1048576K
}
Event: 57481.205 GC heap after
{Heap after GC invocations=22913 (full 641):
 PSYoungGen      total 10752K, used 4602K [0x00000000eab00000, 0x00000000ec180000, 0x0000000100000000)
  eden space 6144K, 0% used [0x00000000eab00000,0x00000000eab00000,0x00000000eb100000)
  from space 4608K, 99% used [0x00000000eb800000,0x00000000ebc7e900,0x00000000ebc80000)
  to   space 7168K, 0% used [0x00000000eb100000,0x00000000eb100000,0x00000000eb800000)
 ParOldGen       total 201216K, used 182746K [0x00000000c0000000, 0x00000000cc480000, 0x00000000eab00000)
  object space 201216K, 90% used [0x00000000c0000000,0x00000000cb276b30,0x00000000cc480000)
 Metaspace       used 113030K, committed 114368K, reserved 1179648K
  class space    used 11455K, committed 12160K, reserved 1048576K
}
Event: 57481.233 GC heap before
{Heap before GC invocations=22914 (full 641):
 PSYoungGen      total 10752K, used 10746K [0x00000000eab00000, 0x00000000ec180000, 0x0000000100000000)
  eden space 6144K, 100% used [0x00000000eab00000,0x00000000eb100000,0x00000000eb100000)
  from space 4608K, 99% used [0x00000000eb800000,0x00000000ebc7e900,0x00000000ebc80000)
  to   space 7168K, 0% used [0x00000000eb100000,0x00000000eb100000,0x00000000eb800000)
 ParOldGen       total 201216K, used 182746K [0x00000000c0000000, 0x00000000cc480000, 0x00000000eab00000)
  object space 201216K, 90% used [0x00000000c0000000,0x00000000cb276b30,0x00000000cc480000)
 Metaspace       used 113030K, committed 114368K, reserved 1179648K
  class space    used 11455K, committed 12160K, reserved 1048576K
}
Event: 57481.241 GC heap after
{Heap after GC invocations=22914 (full 641):
 PSYoungGen      total 7168K, used 708K [0x00000000eab00000, 0x00000000eb880000, 0x0000000100000000)
  eden space 6144K, 0% used [0x00000000eab00000,0x00000000eab00000,0x00000000eb100000)
  from space 1024K, 69% used [0x00000000eb100000,0x00000000eb1b1210,0x00000000eb200000)
  to   space 3072K, 0% used [0x00000000eb580000,0x00000000eb580000,0x00000000eb880000)
 ParOldGen       total 201216K, used 186839K [0x00000000c0000000, 0x00000000cc480000, 0x00000000eab00000)
  object space 201216K, 92% used [0x00000000c0000000,0x00000000cb675d30,0x00000000cc480000)
 Metaspace       used 113030K, committed 114368K, reserved 1179648K
  class space    used 11455K, committed 12160K, reserved 1048576K
}
Event: 58070.560 GC heap before
{Heap before GC invocations=22915 (full 641):
 PSYoungGen      total 7168K, used 6852K [0x00000000eab00000, 0x00000000eb880000, 0x0000000100000000)
  eden space 6144K, 100% used [0x00000000eab00000,0x00000000eb100000,0x00000000eb100000)
  from space 1024K, 69% used [0x00000000eb100000,0x00000000eb1b1210,0x00000000eb200000)
  to   space 3072K, 0% used [0x00000000eb580000,0x00000000eb580000,0x00000000eb880000)
 ParOldGen       total 201216K, used 186839K [0x00000000c0000000, 0x00000000cc480000, 0x00000000eab00000)
  object space 201216K, 92% used [0x00000000c0000000,0x00000000cb675d30,0x00000000cc480000)
 Metaspace       used 113030K, committed 114368K, reserved 1179648K
  class space    used 11455K, committed 12160K, reserved 1048576K
}
Event: 58075.706 GC heap after
{Heap after GC invocations=22915 (full 641):
 PSYoungGen      total 7168K, used 602K [0x00000000eab00000, 0x00000000eb680000, 0x0000000100000000)
  eden space 6144K, 0% used [0x00000000eab00000,0x00000000eab00000,0x00000000eb100000)
  from space 1024K, 58% used [0x00000000eb580000,0x00000000eb616920,0x00000000eb680000)
  to   space 1024K, 0% used [0x00000000eb100000,0x00000000eb100000,0x00000000eb200000)
 ParOldGen       total 201216K, used 187435K [0x00000000c0000000, 0x00000000cc480000, 0x00000000eab00000)
  object space 201216K, 93% used [0x00000000c0000000,0x00000000cb70af70,0x00000000cc480000)
 Metaspace       used 113030K, committed 114368K, reserved 1179648K
  class space    used 11455K, committed 12160K, reserved 1048576K
}

