# JRE version: OpenJDK Runtime Environment (21.0.2+13) (build 21.0.2+13)
# Java VM: OpenJDK 64-Bit Server VM (21.0.2+13, mixed mode, sharing, tiered, compressed oops, compressed class ptrs, g1 gc, linux-amd64)
GC Precious Log:
 CardTable entry size: 512
 Card Set container configuration: InlinePtr #cards 5 size 8 Array Of Cards #cards 12 size 40 Howl #buckets 4 coarsen threshold 1843 Howl Bitmap #cards 512 size 80 coarsen threshold 460 Card regions per heap region 1 cards per card region 2048
 CPUs: 4 total, 4 available
 Memory: 7351M
 Large Page Support: Disabled
 NUMA Support: Disabled
 Compressed Oops: Enabled (32-bit)
 Heap Region Size: 1M
 Heap Min Capacity: 256M
 Heap Initial Capacity: 256M
 Heap Max Capacity: 512M
 Pre-touch: Disabled
 Parallel Workers: 4
 Concurrent Workers: 1
 Concurrent Refinement Workers: 4
 Periodic GC: Disabled
Heap:
 garbage-first heap   total 286720K, used 248951K [0x00000000e0000000, 0x0000000100000000)
  region size 1024K, 152 young (155648K), 21 survivors (21504K)
 Metaspace       used 92254K, committed 94272K, reserved 458752K
  class space    used 10915K, committed 11968K, reserved 327680K
GC Heap History (20 events):
Event: 57207.546 GC heap before
{Heap before GC invocations=1247 (full 0):
 garbage-first heap   total 286720K, used 261920K [0x00000000e0000000, 0x0000000100000000)
  region size 1024K, 168 young (172032K), 10 survivors (10240K)
 Metaspace       used 92245K, committed 94272K, reserved 458752K
  class space    used 10914K, committed 11968K, reserved 327680K
}
Event: 57207.554 GC heap after
{Heap after GC invocations=1248 (full 0):
 garbage-first heap   total 286720K, used 83920K [0x00000000e0000000, 0x0000000100000000)
  region size 1024K, 7 young (7168K), 7 survivors (7168K)
 Metaspace       used 92245K, committed 94272K, reserved 458752K
  class space    used 10914K, committed 11968K, reserved 327680K
}
Event: 57208.025 GC heap before
{Heap before GC invocations=1248 (full 0):
 garbage-first heap   total 286720K, used 258000K [0x00000000e0000000, 0x0000000100000000)
  region size 1024K, 168 young (172032K), 7 survivors (7168K)
 Metaspace       used 92248K, committed 94272K, reserved 458752K
  class space    used 10915K, committed 11968K, reserved 327680K
}
Event: 57208.044 GC heap after
{Heap after GC invocations=1249 (full 0):
 garbage-first heap   total 286720K, used 87061K [0x00000000e0000000, 0x0000000100000000)
  region size 1024K, 13 young (13312K), 13 survivors (13312K)
 Metaspace       used 92248K, committed 94272K, reserved 458752K
  class space    used 10915K, committed 11968K, reserved 327680K
}
Event: 57208.053 GC heap before
{Heap before GC invocations=1249 (full 0):
 garbage-first heap   total 286720K, used 91157K [0x00000000e0000000, 0x0000000100000000)
  region size 1024K, 18 young (18432K), 13 survivors (13312K)
 Metaspace       used 92248K, committed 94272K, reserved 458752K
  class space    used 10915K, committed 11968K, reserved 327680K
}
Event: 57208.068 GC heap after
{Heap after GC invocations=1250 (full 0):
 garbage-first heap   total 286720K, used 82819K [0x00000000e0000000, 0x0000000100000000)
  region size 1024K, 8 young (8192K), 8 survivors (8192K)
 Metaspace       used 92248K, committed 94272K, reserved 458752K
  class space    used 10915K, committed 11968K, reserved 327680K
}
Event: 57215.330 GC heap before
{Heap before GC invocations=1251 (full 0):
 garbage-first heap   total 286720K, used 253827K [0x00000000e0000000, 0x0000000100000000)
  region size 1024K, 168 young (172032K), 8 survivors (8192K)
 Metaspace       used 92248K, committed 94272K, reserved 458752K
  class space    used 10915K, committed 11968K, reserved 327680K
}
Event: 57215.376 GC heap after
{Heap after GC invocations=1252 (full 0):
 garbage-first heap   total 286720K, used 102768K [0x00000000e0000000, 0x0000000100000000)
  region size 1024K, 21 young (21504K), 21 survivors (21504K)
 Metaspace       used 92248K, committed 94272K, reserved 458752K
  class space    used 10915K, committed 11968K, reserved 327680K
}
Event: 57249.634 GC heap before
{Heap before GC invocations=1252 (full 0):
 garbage-first heap   total 286720K, used 261488K [0x00000000e0000000, 0x0000000100000000)
  region size 1024K, 165 young (168960K), 21 survivors (21504K)
 Metaspace       used 92248K, committed 94272K, reserved 458752K
  class space    used 10915K, committed 11968K, reserved 327680K
}
Event: 57249.683 GC heap after
{Heap after GC invocations=1253 (full 0):
 garbage-first heap   total 286720K, used 91087K [0x00000000e0000000, 0x0000000100000000)
  region size 1024K, 7 young (7168K), 7 survivors (7168K)
 Metaspace       used 92248K, committed 94272K, reserved 458752K
  class space    used 10915K, committed 11968K, reserved 327680K
}
Event: 57249.998 GC heap before
{Heap before GC invocations=1253 (full 0):
 garbage-first heap   total 286720K, used 149455K [0x00000000e0000000, 0x0000000100000000)
  region size 1024K, 65 young (66560K), 7 survivors (7168K)
 Metaspace       used 92248K, committed 94272K, reserved 458752K
  class space    used 10915K, committed 11968K, reserved 327680K
}
Event: 57250.034 GC heap after
{Heap after GC invocations=1254 (full 0):
 garbage-first heap   total 286720K, used 94159K [0x00000000e0000000, 0x0000000100000000)
  region size 1024K, 10 young (10240K), 10 survivors (10240K)
 Metaspace       used 92248K, committed 94272K, reserved 458752K
  class space    used 10915K, committed 11968K, reserved 327680K
}
Event: 57265.399 GC heap before
{Heap before GC invocations=1255 (full 0):
 garbage-first heap   total 286720K, used 266191K [0x00000000e0000000, 0x0000000100000000)
  region size 1024K, 168 young (172032K), 10 survivors (10240K)
 Metaspace       used 92249K, committed 94272K, reserved 458752K
  class space    used 10915K, committed 11968K, reserved 327680K
}
Event: 57265.412 GC heap after
{Heap after GC invocations=1256 (full 0):
 garbage-first heap   total 286720K, used 88118K [0x00000000e0000000, 0x0000000100000000)
  region size 1024K, 8 young (8192K), 8 survivors (8192K)
 Metaspace       used 92249K, committed 94272K, reserved 458752K
  class space    used 10915K, committed 11968K, reserved 327680K
}
Event: 57265.848 GC heap before
{Heap before GC invocations=1256 (full 0):
 garbage-first heap   total 286720K, used 260150K [0x00000000e0000000, 0x0000000100000000)
  region size 1024K, 168 young (172032K), 8 survivors (8192K)
 Metaspace       used 92249K, committed 94272K, reserved 458752K
  class space    used 10915K, committed 11968K, reserved 327680K
}
Event: 57265.868 GC heap after
{Heap after GC invocations=1257 (full 0):
 garbage-first heap   total 286720K, used 89826K [0x00000000e0000000, 0x0000000100000000)
  region size 1024K, 13 young (13312K), 13 survivors (13312K)
 Metaspace       used 92249K, committed 94272K, reserved 458752K
  class space    used 10915K, committed 11968K, reserved 327680K
}
Event: 57265.872 GC heap before
{Heap before GC invocations=1257 (full 0):
 garbage-first heap   total 286720K, used 90850K [0x00000000e0000000, 0x0000000100000000)
  region size 1024K, 15 young (15360K), 13 survivors (13312K)
 Metaspace       used 92249K, committed 94272K, reserved 458752K
  class space    used 10915K, committed 11968K, reserved 327680K
}
Event: 57265.885 GC heap after
{Heap after GC invocations=1258 (full 0):
 garbage-first heap   total 286720K, used 86348K [0x00000000e0000000, 0x0000000100000000)
  region size 1024K, 7 young (7168K), 7 survivors (7168K)
 Metaspace       used 92249K, committed 94272K, reserved 458752K
  class space    used 10915K, committed 11968K, reserved 327680K
}
Event: 57273.141 GC heap before
{Heap before GC invocations=1259 (full 0):
 garbage-first heap   total 286720K, used 258380K [0x00000000e0000000, 0x0000000100000000)
  region size 1024K, 168 young (172032K), 7 survivors (7168K)
 Metaspace       used 92249K, committed 94272K, reserved 458752K
  class space    used 10915K, committed 11968K, reserved 327680K
}
Event: 57273.169 GC heap after
{Heap after GC invocations=1260 (full 0):
 garbage-first heap   total 286720K, used 104567K [0x00000000e0000000, 0x0000000100000000)
  region size 1024K, 21 young (21504K), 21 survivors (21504K)
 Metaspace       used 92249K, committed 94272K, reserved 458752K
  class space    used 10915K, committed 11968K, reserved 327680K
}

