# JRE version: OpenJDK Runtime Environment (21.0.2+13) (build 21.0.2+13)
# Java VM: OpenJDK 64-Bit Server VM (21.0.2+13, mixed mode, sharing, tiered, compressed oops, compressed class ptrs, g1 gc, linux-amd64)
GC Precious Log:
 CardTable entry size: 512
 Card Set container configuration: InlinePtr #cards 5 size 8 Array Of Cards #cards 12 size 40 Howl #buckets 4 coarsen threshold 1843 Howl Bitmap #cards 512 size 80 coarsen threshold 460 Card regions per heap region 1 cards per card region 2048
 CPUs: 4 total, 4 available
 Memory: 7351M
 Large Page Support: Disabled
 NUMA Support: Disabled
 Compressed Oops: Enabled (32-bit)
 Heap Region Size: 1M
 Heap Min Capacity: 64M
 Heap Initial Capacity: 64M
 Heap Max Capacity: 64M
 Pre-touch: Disabled
 Parallel Workers: 4
 Concurrent Workers: 1
 Concurrent Refinement Workers: 4
 Periodic GC: Disabled
Heap:
 garbage-first heap   total 65536K, used 48156K [0x00000000fc000000, 0x0000000100000000)
  region size 1024K, 37 young (37888K), 1 survivors (1024K)
 Metaspace       used 9420K, committed 9728K, reserved 1114112K
  class space    used 1209K, committed 1344K, reserved 1048576K
GC Heap History (20 events):
Event: 9099.099 GC heap before
{Heap before GC invocations=4 (full 0):
 garbage-first heap   total 65536K, used 50217K [0x00000000fc000000, 0x0000000100000000)
  region size 1024K, 38 young (38912K), 1 survivors (1024K)
 Metaspace       used 9208K, committed 9536K, reserved 1114112K
  class space    used 1184K, committed 1344K, reserved 1048576K
}
Event: 9099.142 GC heap after
{Heap after GC invocations=5 (full 0):
 garbage-first heap   total 65536K, used 12299K [0x00000000fc000000, 0x0000000100000000)
  region size 1024K, 1 young (1024K), 1 survivors (1024K)
 Metaspace       used 9208K, committed 9536K, reserved 1114112K
  class space    used 1184K, committed 1344K, reserved 1048576K
}
Event: 12847.598 GC heap before
{Heap before GC invocations=5 (full 0):
 garbage-first heap   total 65536K, used 50187K [0x00000000fc000000, 0x0000000100000000)
  region size 1024K, 38 young (38912K), 1 survivors (1024K)
 Metaspace       used 9209K, committed 9536K, reserved 1114112K
  class space    used 1184K, committed 1344K, reserved 1048576K
}
Event: 12847.601 GC heap after
{Heap after GC invocations=6 (full 0):
 garbage-first heap   total 65536K, used 12300K [0x00000000fc000000, 0x0000000100000000)
  region size 1024K, 1 young (1024K), 1 survivors (1024K)
 Metaspace       used 9209K, committed 9536K, reserved 1114112K
  class space    used 1184K, committed 1344K, reserved 1048576K
}
Event: 16657.198 GC heap before
{Heap before GC invocations=6 (full 0):
 garbage-first heap   total 65536K, used 50188K [0x00000000fc000000, 0x0000000100000000)
  region size 1024K, 38 young (38912K), 1 survivors (1024K)
 Metaspace       used 9212K, committed 9536K, reserved 1114112K
  class space    used 1184K, committed 1344K, reserved 1048576K
}
Event: 16657.199 GC heap after
{Heap after GC invocations=7 (full 0):
 garbage-first heap   total 65536K, used 12305K [0x00000000fc000000, 0x0000000100000000)
  region size 1024K, 1 young (1024K), 1 survivors (1024K)
 Metaspace       used 9212K, committed 9536K, reserved 1114112K
  class space    used 1184K, committed 1344K, reserved 1048576K
}
Event: 20644.098 GC heap before
{Heap before GC invocations=7 (full 0):
 garbage-first heap   total 65536K, used 50193K [0x00000000fc000000, 0x0000000100000000)
  region size 1024K, 38 young (38912K), 1 survivors (1024K)
 Metaspace       used 9213K, committed 9536K, reserved 1114112K
  class space    used 1184K, committed 1344K, reserved 1048576K
}
Event: 20644.108 GC heap after
{Heap after GC invocations=8 (full 0):
 garbage-first heap   total 65536K, used 12304K [0x00000000fc000000, 0x0000000100000000)
  region size 1024K, 1 young (1024K), 1 survivors (1024K)
 Metaspace       used 9213K, committed 9536K, reserved 1114112K
  class space    used 1184K, committed 1344K, reserved 1048576K
}
Event: 24722.898 GC heap before
{Heap before GC invocations=8 (full 0):
 garbage-first heap   total 65536K, used 50192K [0x00000000fc000000, 0x0000000100000000)
  region size 1024K, 38 young (38912K), 1 survivors (1024K)
 Metaspace       used 9213K, committed 9536K, reserved 1114112K
  class space    used 1184K, committed 1344K, reserved 1048576K
}
Event: 24722.903 GC heap after
{Heap after GC invocations=9 (full 0):
 garbage-first heap   total 65536K, used 12299K [0x00000000fc000000, 0x0000000100000000)
  region size 1024K, 1 young (1024K), 1 survivors (1024K)
 Metaspace       used 9213K, committed 9536K, reserved 1114112K
  class space    used 1184K, committed 1344K, reserved 1048576K
}
Event: 28438.500 GC heap before
{Heap before GC invocations=9 (full 0):
 garbage-first heap   total 65536K, used 50187K [0x00000000fc000000, 0x0000000100000000)
  region size 1024K, 38 young (38912K), 1 survivors (1024K)
 Metaspace       used 9213K, committed 9536K, reserved 1114112K
  class space    used 1184K, committed 1344K, reserved 1048576K
}
Event: 28438.544 GC heap after
{Heap after GC invocations=10 (full 0):
 garbage-first heap   total 65536K, used 12301K [0x00000000fc000000, 0x0000000100000000)
  region size 1024K, 1 young (1024K), 1 survivors (1024K)
 Metaspace       used 9213K, committed 9536K, reserved 1114112K
  class space    used 1184K, committed 1344K, reserved 1048576K
}
Event: 32257.599 GC heap before
{Heap before GC invocations=10 (full 0):
 garbage-first heap   total 65536K, used 50189K [0x00000000fc000000, 0x0000000100000000)
  region size 1024K, 38 young (38912K), 1 survivors (1024K)
 Metaspace       used 9213K, committed 9536K, reserved 1114112K
  class space    used 1184K, committed 1344K, reserved 1048576K
}
Event: 32257.627 GC heap after
{Heap after GC invocations=11 (full 0):
 garbage-first heap   total 65536K, used 12301K [0x00000000fc000000, 0x0000000100000000)
  region size 1024K, 1 young (1024K), 1 survivors (1024K)
 Metaspace       used 9213K, committed 9536K, reserved 1114112K
  class space    used 1184K, committed 1344K, reserved 1048576K
}
Event: 35218.661 GC heap before
{Heap before GC invocations=11 (full 0):
 garbage-first heap   total 65536K, used 50189K [0x00000000fc000000, 0x0000000100000000)
  region size 1024K, 38 young (38912K), 1 survivors (1024K)
 Metaspace       used 9213K, committed 9536K, reserved 1114112K
  class space    used 1184K, committed 1344K, reserved 1048576K
}
Event: 35218.693 GC heap after
{Heap after GC invocations=12 (full 0):
 garbage-first heap   total 65536K, used 12301K [0x00000000fc000000, 0x0000000100000000)
  region size 1024K, 1 young (1024K), 1 survivors (1024K)
 Metaspace       used 9213K, committed 9536K, reserved 1114112K
  class space    used 1184K, committed 1344K, reserved 1048576K
}
Event: 38516.299 GC heap before
{Heap before GC invocations=12 (full 0):
 garbage-first heap   total 65536K, used 50189K [0x00000000fc000000, 0x0000000100000000)
  region size 1024K, 38 young (38912K), 1 survivors (1024K)
 Metaspace       used 9213K, committed 9536K, reserved 1114112K
  class space    used 1184K, committed 1344K, reserved 1048576K
}
Event: 38516.336 GC heap after
{Heap after GC invocations=13 (full 0):
 garbage-first heap   total 65536K, used 12316K [0x00000000fc000000, 0x0000000100000000)
  region size 1024K, 1 young (1024K), 1 survivors (1024K)
 Metaspace       used 9213K, committed 9536K, reserved 1114112K
  class space    used 1184K, committed 1344K, reserved 1048576K
}
Event: 41964.299 GC heap before
{Heap before GC invocations=13 (full 0):
 garbage-first heap   total 65536K, used 50204K [0x00000000fc000000, 0x0000000100000000)
  region size 1024K, 38 young (38912K), 1 survivors (1024K)
 Metaspace       used 9213K, committed 9536K, reserved 1114112K
  class space    used 1184K, committed 1344K, reserved 1048576K
}
Event: 41964.336 GC heap after
{Heap after GC invocations=14 (full 0):
 garbage-first heap   total 65536K, used 12316K [0x00000000fc000000, 0x0000000100000000)
  region size 1024K, 1 young (1024K), 1 survivors (1024K)
 Metaspace       used 9213K, committed 9536K, reserved 1114112K
  class space    used 1184K, committed 1344K, reserved 1048576K
}

